mode: set
github.com/wayfair-incubator/k8s-used-api-versions/pkg/deprecation/deprecated_versions.go:28.68,30.16 2 1
github.com/wayfair-incubator/k8s-used-api-versions/pkg/deprecation/deprecated_versions.go:34.2,36.32 3 1
github.com/wayfair-incubator/k8s-used-api-versions/pkg/deprecation/deprecated_versions.go:30.16,32.3 1 0
github.com/wayfair-incubator/k8s-used-api-versions/pkg/deprecation/deprecated_versions.go:43.78,45.16 2 1
github.com/wayfair-incubator/k8s-used-api-versions/pkg/deprecation/deprecated_versions.go:48.2,49.16 2 1
github.com/wayfair-incubator/k8s-used-api-versions/pkg/deprecation/deprecated_versions.go:52.2,52.31 1 1
github.com/wayfair-incubator/k8s-used-api-versions/pkg/deprecation/deprecated_versions.go:55.2,55.19 1 1
github.com/wayfair-incubator/k8s-used-api-versions/pkg/deprecation/deprecated_versions.go:45.16,47.3 1 0
github.com/wayfair-incubator/k8s-used-api-versions/pkg/deprecation/deprecated_versions.go:49.16,51.3 1 0
github.com/wayfair-incubator/k8s-used-api-versions/pkg/deprecation/deprecated_versions.go:52.31,54.3 1 1
github.com/wayfair-incubator/k8s-used-api-versions/pkg/deprecation/deprecated_versions.go:59.65,61.16 2 1
github.com/wayfair-incubator/k8s-used-api-versions/pkg/deprecation/deprecated_versions.go:64.2,69.31 5 1
github.com/wayfair-incubator/k8s-used-api-versions/pkg/deprecation/deprecated_versions.go:61.16,63.3 1 0
github.com/wayfair-incubator/k8s-used-api-versions/pkg/deprecation/deprecated_versions.go:75.82,79.43 2 1
github.com/wayfair-incubator/k8s-used-api-versions/pkg/deprecation/deprecated_versions.go:90.2,90.14 1 1
github.com/wayfair-incubator/k8s-used-api-versions/pkg/deprecation/deprecated_versions.go:79.43,80.55 1 1
github.com/wayfair-incubator/k8s-used-api-versions/pkg/deprecation/deprecated_versions.go:80.55,81.37 1 1
github.com/wayfair-incubator/k8s-used-api-versions/pkg/deprecation/deprecated_versions.go:84.4,85.9 2 1
github.com/wayfair-incubator/k8s-used-api-versions/pkg/deprecation/deprecated_versions.go:81.37,83.5 1 1
github.com/wayfair-incubator/k8s-used-api-versions/pkg/deprecation/deprecated_versions.go:85.9,87.5 1 1
github.com/wayfair-incubator/k8s-used-api-versions/pkg/deprecation/deprecated_versions.go:95.79,98.43 2 1
github.com/wayfair-incubator/k8s-used-api-versions/pkg/deprecation/deprecated_versions.go:110.2,110.14 1 1
github.com/wayfair-incubator/k8s-used-api-versions/pkg/deprecation/deprecated_versions.go:98.43,100.55 1 1
github.com/wayfair-incubator/k8s-used-api-versions/pkg/deprecation/deprecated_versions.go:100.55,101.34 1 1
github.com/wayfair-incubator/k8s-used-api-versions/pkg/deprecation/deprecated_versions.go:104.4,105.9 2 1
github.com/wayfair-incubator/k8s-used-api-versions/pkg/deprecation/deprecated_versions.go:101.34,103.5 1 1
github.com/wayfair-incubator/k8s-used-api-versions/pkg/deprecation/deprecated_versions.go:105.9,107.5 1 1
github.com/wayfair-incubator/k8s-used-api-versions/pkg/deprecation/deprecated_versions.go:117.85,122.43 4 1
github.com/wayfair-incubator/k8s-used-api-versions/pkg/deprecation/deprecated_versions.go:143.2,147.15 4 1
github.com/wayfair-incubator/k8s-used-api-versions/pkg/deprecation/deprecated_versions.go:122.43,123.55 1 1
github.com/wayfair-incubator/k8s-used-api-versions/pkg/deprecation/deprecated_versions.go:123.55,124.32 1 1
github.com/wayfair-incubator/k8s-used-api-versions/pkg/deprecation/deprecated_versions.go:130.4,130.34 1 1
github.com/wayfair-incubator/k8s-used-api-versions/pkg/deprecation/deprecated_versions.go:136.4,136.37 1 1
github.com/wayfair-incubator/k8s-used-api-versions/pkg/deprecation/deprecated_versions.go:124.32,126.5 1 1
github.com/wayfair-incubator/k8s-used-api-versions/pkg/deprecation/deprecated_versions.go:126.10,128.5 1 1
github.com/wayfair-incubator/k8s-used-api-versions/pkg/deprecation/deprecated_versions.go:130.34,132.5 1 1
github.com/wayfair-incubator/k8s-used-api-versions/pkg/deprecation/deprecated_versions.go:132.10,134.5 1 1
github.com/wayfair-incubator/k8s-used-api-versions/pkg/deprecation/deprecated_versions.go:136.37,138.5 1 0
github.com/wayfair-incubator/k8s-used-api-versions/pkg/deprecation/deprecated_versions.go:138.10,140.5 1 1
github.com/wayfair-incubator/k8s-used-api-versions/pkg/deprecation/deprecated_versions.go:151.93,171.2 18 1
github.com/wayfair-incubator/k8s-used-api-versions/controllers/usedapiversions_controller.go:71.30,81.2 2 0
github.com/wayfair-incubator/k8s-used-api-versions/controllers/usedapiversions_controller.go:96.107,101.73 4 0
github.com/wayfair-incubator/k8s-used-api-versions/controllers/usedapiversions_controller.go:107.2,109.70 3 0
github.com/wayfair-incubator/k8s-used-api-versions/controllers/usedapiversions_controller.go:115.2,118.65 3 0
github.com/wayfair-incubator/k8s-used-api-versions/controllers/usedapiversions_controller.go:123.2,123.27 1 0
github.com/wayfair-incubator/k8s-used-api-versions/controllers/usedapiversions_controller.go:101.73,106.3 1 0
github.com/wayfair-incubator/k8s-used-api-versions/controllers/usedapiversions_controller.go:109.70,113.3 3 0
github.com/wayfair-incubator/k8s-used-api-versions/controllers/usedapiversions_controller.go:118.65,121.3 2 0
github.com/wayfair-incubator/k8s-used-api-versions/controllers/usedapiversions_controller.go:127.128,135.34 5 0
github.com/wayfair-incubator/k8s-used-api-versions/controllers/usedapiversions_controller.go:135.34,136.27 1 0
github.com/wayfair-incubator/k8s-used-api-versions/controllers/usedapiversions_controller.go:139.3,139.24 1 0
github.com/wayfair-incubator/k8s-used-api-versions/controllers/usedapiversions_controller.go:142.3,142.37 1 0
github.com/wayfair-incubator/k8s-used-api-versions/controllers/usedapiversions_controller.go:145.3,145.41 1 0
github.com/wayfair-incubator/k8s-used-api-versions/controllers/usedapiversions_controller.go:136.27,138.4 1 0
github.com/wayfair-incubator/k8s-used-api-versions/controllers/usedapiversions_controller.go:139.24,141.4 1 0
github.com/wayfair-incubator/k8s-used-api-versions/controllers/usedapiversions_controller.go:142.37,144.4 1 0
github.com/wayfair-incubator/k8s-used-api-versions/controllers/usedapiversions_controller.go:145.41,147.4 1 0
github.com/wayfair-incubator/k8s-used-api-versions/controllers/usedapiversions_controller.go:152.136,165.2 11 0
github.com/wayfair-incubator/k8s-used-api-versions/controllers/usedapiversions_controller.go:168.78,172.2 1 0
github.com/wayfair-incubator/k8s-used-api-versions/controllers/usedapiversions_controller.go:175.104,178.16 3 0
github.com/wayfair-incubator/k8s-used-api-versions/controllers/usedapiversions_controller.go:182.2,185.46 3 0
github.com/wayfair-incubator/k8s-used-api-versions/controllers/usedapiversions_controller.go:203.2,203.47 1 0
github.com/wayfair-incubator/k8s-used-api-versions/controllers/usedapiversions_controller.go:178.16,181.3 2 0
github.com/wayfair-incubator/k8s-used-api-versions/controllers/usedapiversions_controller.go:185.46,186.57 1 0
github.com/wayfair-incubator/k8s-used-api-versions/controllers/usedapiversions_controller.go:186.57,201.4 2 0
github.com/wayfair-incubator/k8s-used-api-versions/controllers/usedapiversions_controller.go:206.91,210.16 3 0
github.com/wayfair-incubator/k8s-used-api-versions/controllers/usedapiversions_controller.go:214.2,214.34 1 0
github.com/wayfair-incubator/k8s-used-api-versions/controllers/usedapiversions_controller.go:210.16,213.3 2 0
github.com/wayfair-incubator/k8s-used-api-versions/controllers/usedapiversions_controller.go:217.13,220.2 1 1
